2026-04-10 11:31:29,504 - Plastic generation - WARNING - RPi.GPIO не знайдено! Використовуємо заглушку для запуску на ПК.
2026-04-10 11:31:29,506 - Plastic generation - INFO - CODENAME: None
2026-04-10 11:32:29,011 - Plastic generation - WARNING - RPi.GPIO не знайдено! Використовуємо заглушку для запуску на ПК.
2026-04-10 11:32:29,012 - Plastic generation - INFO - CODENAME: None
2026-04-10 11:32:29,060 - Plastic generation - ERROR - Помилка читання config.json: Expecting value: line 1 column 1 (char 0)
2026-04-10 11:38:14,718 - Plastic generation - WARNING - RPi.GPIO не знайдено! Використовуємо заглушку для запуску на ПК.
2026-04-10 11:38:14,768 - Plastic generation - INFO - CODENAME: None
2026-04-10 11:38:14,810 - Plastic generation - ERROR - Помилка читання config.json: Expecting value: line 1 column 1 (char 0)
2026-04-10 11:39:43,244 - Plastic generation - WARNING - RPi.GPIO не знайдено! Використовуємо заглушку для запуску на ПК.
2026-04-10 11:39:43,246 - Plastic generation - INFO - CODENAME: None
2026-04-10 11:40:20,547 - Plastic generation - WARNING - RPi.GPIO не знайдено! Використовуємо заглушку для запуску на ПК.
2026-04-10 11:40:20,549 - Plastic generation - INFO - CODENAME: None
2026-04-10 11:40:29,304 - Plastic generation - WARNING - RPi.GPIO не знайдено! Використовуємо заглушку для запуску на ПК.
2026-04-10 11:40:29,306 - Plastic generation - INFO - CODENAME: None
2026-04-10 11:40:29,365 - Plastic generation - INFO - init app
2026-04-10 11:40:29,401 - Plastic generation - ERROR - Uncaught exception:
Traceback (most recent call last):
  File "E:\0_ROBOTA\pythonFilamentWinding_REDUX\main.py", line 50, in <module>
    drivers = DriversArduino()
  File "E:\0_ROBOTA\pythonFilamentWinding_REDUX\hardware\drivers.py", line 9, in __init__
    self.arduino = find_arduino('ok', 'drivers', baudrate)
                   ~~~~~~~~~~~~^^^^^^^^^^^^^^^^^^^^^^^^^^^
  File "E:\0_ROBOTA\pythonFilamentWinding_REDUX\hardware\connection.py", line 32, in find_arduino
    raise ArduinoConnectionError("Could not find arduino on USB ports")
hardware.connection.ArduinoConnectionError: Could not find arduino on USB ports

2026-04-10 11:48:33,662 - Plastic generation - WARNING - RPi.GPIO не знайдено! Використовуємо заглушку для запуску на ПК.
2026-04-10 11:48:33,663 - Plastic generation - INFO - CODENAME: None
2026-04-10 11:48:33,718 - Plastic generation - INFO - init app
2026-04-10 11:48:33,765 - Plastic generation - ERROR - Не вдалося знайти фізичну плату 'drivers'. Вмикаємо емуляцію (Mock).
2026-04-10 11:48:33,766 - Plastic generation - WARNING - Використовується віртуальна заглушка (MockSerial) для: drivers
2026-04-10 11:48:33,767 - Plastic generation - ERROR - Не вдалося знайти фізичну плату 'encoders'. Вмикаємо емуляцію (Mock).
2026-04-10 11:48:33,768 - Plastic generation - WARNING - Використовується віртуальна заглушка (MockSerial) для: encoders
2026-04-10 11:48:33,914 - Plastic generation - INFO - parking
2026-04-10 11:48:34,060 - Plastic generation - INFO - run button pressed (held)
2026-04-10 11:48:39,556 - Plastic generation - ERROR - Timeout waiting for 'MOVED' (Cmd: 40400)
2026-04-10 11:48:44,528 - Plastic generation - INFO - Filament thickness set to: 2.75 mm
2026-04-10 11:48:44,637 - Plastic generation - ERROR - Timeout waiting for 'MOVED' (Cmd: 40200)
2026-04-10 11:48:44,654 - Plastic generation - INFO - Resetting meters and state
2026-04-10 11:48:44,687 - Plastic generation - INFO - stop parking
2026-04-10 11:48:44,901 - Plastic generation - INFO - Filament thickness set to: 3.75 mm
2026-04-10 11:48:45,164 - Plastic generation - INFO - Filament thickness set to: 4.75 mm
2026-04-10 11:48:45,337 - Plastic generation - INFO - Filament thickness set to: 5.75 mm
2026-04-10 11:48:48,775 - Plastic generation - INFO - Resetting meters and state
2026-04-10 11:48:51,123 - Plastic generation - ERROR - Timeout waiting for 'started' (Cmd: 59999)
2026-04-10 11:48:51,142 - Plastic generation - INFO - parking
2026-04-10 11:48:51,143 - Plastic generation - INFO - stop winding
2026-04-10 11:48:51,143 - Plastic generation - INFO - stop winding
2026-04-10 11:48:54,639 - Plastic generation - INFO - Target RPM set to: 120.01
2026-04-10 11:48:54,811 - Plastic generation - INFO - Target RPM set to: 120.02
2026-04-10 11:48:54,978 - Plastic generation - INFO - Target RPM set to: 120.03
2026-04-10 11:48:55,518 - Plastic generation - INFO - Target RPM set to: 120.04
2026-04-10 11:48:55,745 - Plastic generation - INFO - Target RPM set to: 120.05
2026-04-10 11:48:56,163 - Plastic generation - INFO - Target RPM set to: 120.06
2026-04-10 11:48:56,203 - Plastic generation - ERROR - Timeout waiting for 'stopped' (Cmd: 69999)
2026-04-10 11:49:00,070 - Plastic generation - INFO - Target RPM set to: 120.07
2026-04-10 11:49:00,531 - Plastic generation - INFO - Target RPM set to: 120.08
2026-04-10 11:49:01,257 - Plastic generation - ERROR - Timeout waiting for 'stopped' (Cmd: 69999)
2026-04-10 11:49:01,727 - Plastic generation - INFO - Target RPM set to: 121.08
2026-04-10 11:49:02,132 - Plastic generation - INFO - Target RPM set to: 122.08
2026-04-10 11:49:02,473 - Plastic generation - INFO - Target RPM set to: 123.08
2026-04-10 11:49:06,901 - Plastic generation - ERROR - Timeout waiting for 'MOVED' (Cmd: 40400)
2026-04-10 11:49:11,978 - Plastic generation - ERROR - Timeout waiting for 'MOVED' (Cmd: 40200)
2026-04-10 12:19:41,938 - Plastic generation - WARNING - RPi.GPIO не знайдено! Використовуємо заглушку для запуску на ПК.
2026-04-10 12:19:41,940 - Plastic generation - INFO - CODENAME: None
2026-04-10 12:19:41,998 - Plastic generation - INFO - init app
2026-04-10 12:19:42,045 - Plastic generation - ERROR - Не вдалося знайти фізичну плату 'drivers'. Вмикаємо емуляцію (Mock).
2026-04-10 12:19:42,045 - Plastic generation - WARNING - Використовується віртуальна заглушка (MockSerial) для: drivers
2026-04-10 12:19:42,046 - Plastic generation - ERROR - Не вдалося знайти фізичну плату 'encoders'. Вмикаємо емуляцію (Mock).
2026-04-10 12:19:42,046 - Plastic generation - WARNING - Використовується віртуальна заглушка (MockSerial) для: encoders
2026-04-10 12:19:42,170 - Plastic generation - INFO - parking
2026-04-10 12:19:42,309 - Plastic generation - INFO - run button pressed (held)
2026-04-10 12:19:47,802 - Plastic generation - ERROR - Timeout waiting for 'MOVED' (Cmd: 40400)
2026-04-10 12:19:52,880 - Plastic generation - ERROR - Timeout waiting for 'MOVED' (Cmd: 40200)
2026-04-10 12:19:57,949 - Plastic generation - ERROR - Timeout waiting for 'MOVED' (Cmd: 40242)
2026-04-10 12:19:57,950 - Plastic generation - INFO - Resetting meters and state
2026-04-10 12:19:57,982 - Plastic generation - INFO - stop parking
2026-04-10 13:11:18,523 - Plastic generation - WARNING - RPi.GPIO не знайдено! Використовуємо заглушку для запуску на ПК.
2026-04-10 13:11:18,556 - Plastic generation - INFO - CODENAME: None
2026-04-10 13:11:18,768 - Plastic generation - INFO - run button pressed (held)
2026-04-10 13:11:27,893 - Plastic generation - ERROR - Не вдалося знайти фізичну плату 'drivers'. Вмикаємо емуляцію (Mock).
2026-04-10 13:11:27,910 - Plastic generation - WARNING - Використовується віртуальна заглушка (MockSerial) для: drivers
2026-04-10 13:11:32,949 - Plastic generation - ERROR - Не вдалося знайти фізичну плату 'encoders'. Вмикаємо емуляцію (Mock).
2026-04-10 13:11:32,949 - Plastic generation - WARNING - Використовується віртуальна заглушка (MockSerial) для: encoders
2026-04-10 13:13:01,104 - Plastic generation - WARNING - RPi.GPIO не знайдено! Використовуємо заглушку для запуску на ПК.
2026-04-10 13:13:01,105 - Plastic generation - INFO - CODENAME: None
2026-04-10 13:13:01,318 - Plastic generation - INFO - run button pressed (held)
2026-04-10 13:13:10,012 - Plastic generation - ERROR - Не вдалося знайти фізичну плату 'drivers'. Вмикаємо емуляцію (Mock).
2026-04-10 13:13:10,013 - Plastic generation - WARNING - Використовується віртуальна заглушка (MockSerial) для: drivers
2026-04-10 13:13:14,637 - Plastic generation - ERROR - Не вдалося знайти фізичну плату 'encoders'. Вмикаємо емуляцію (Mock).
2026-04-10 13:13:14,638 - Plastic generation - WARNING - Використовується віртуальна заглушка (MockSerial) для: encoders
2026-04-10 13:13:14,643 - Plastic generation - INFO - Запуск сервера на порту 8000...
2026-04-10 13:14:38,243 - Plastic generation - WARNING - RPi.GPIO не знайдено! Використовуємо заглушку для запуску на ПК.
2026-04-10 13:14:38,244 - Plastic generation - INFO - CODENAME: None
2026-04-10 13:14:38,461 - Plastic generation - INFO - run button pressed (held)
2026-04-10 13:14:44,692 - Plastic generation - ERROR - Не вдалося знайти фізичну плату 'drivers'. Вмикаємо емуляцію (Mock).
2026-04-10 13:14:44,692 - Plastic generation - WARNING - Використовується віртуальна заглушка (MockSerial) для: drivers
2026-04-10 13:14:49,611 - Plastic generation - ERROR - Не вдалося знайти фізичну плату 'encoders'. Вмикаємо емуляцію (Mock).
2026-04-10 13:14:49,611 - Plastic generation - WARNING - Використовується віртуальна заглушка (MockSerial) для: encoders
2026-04-10 13:14:49,615 - Plastic generation - INFO - Запуск сервера на порту 8000...
2026-04-10 13:15:03,341 - Plastic generation - WARNING - RPi.GPIO не знайдено! Використовуємо заглушку для запуску на ПК.
2026-04-10 13:15:03,342 - Plastic generation - INFO - CODENAME: None
2026-04-10 13:15:03,559 - Plastic generation - INFO - run button pressed (held)
2026-04-10 13:15:10,741 - Plastic generation - ERROR - Не вдалося знайти фізичну плату 'drivers'. Вмикаємо емуляцію (Mock).
2026-04-10 13:15:10,741 - Plastic generation - WARNING - Використовується віртуальна заглушка (MockSerial) для: drivers
2026-04-10 13:15:15,722 - Plastic generation - ERROR - Не вдалося знайти фізичну плату 'encoders'. Вмикаємо емуляцію (Mock).
2026-04-10 13:15:15,723 - Plastic generation - WARNING - Використовується віртуальна заглушка (MockSerial) для: encoders
2026-04-10 13:15:15,727 - Plastic generation - INFO - Запуск сервера на порту 8000...
2026-04-10 13:40:55,901 - Plastic generation - WARNING - RPi.GPIO не знайдено! Використовуємо заглушку для запуску на ПК.
2026-04-10 13:40:55,921 - Plastic generation - INFO - CODENAME: None
2026-04-10 13:40:56,165 - Plastic generation - INFO - run button pressed (held)
2026-04-10 13:41:03,934 - Plastic generation - ERROR - Не вдалося знайти фізичну плату 'drivers'. Вмикаємо емуляцію (Mock).
2026-04-10 13:41:03,935 - Plastic generation - WARNING - Використовується віртуальна заглушка (MockSerial) для: drivers
2026-04-10 13:41:09,322 - Plastic generation - ERROR - Не вдалося знайти фізичну плату 'encoders'. Вмикаємо емуляцію (Mock).
2026-04-10 13:41:09,322 - Plastic generation - WARNING - Використовується віртуальна заглушка (MockSerial) для: encoders
2026-04-10 13:41:09,323 - Plastic generation - INFO - Запуск сервера на порту 8000...
2026-04-10 13:43:10,070 - Plastic generation - INFO - Resetting meters and state
2026-04-10 13:43:12,416 - Plastic generation - ERROR - Timeout waiting for 'started' (Cmd: 59999)
2026-04-10 13:43:12,439 - Plastic generation - INFO - stop winding
2026-04-10 13:43:14,886 - Plastic generation - INFO - Resetting meters and state
2026-04-10 13:43:17,501 - Plastic generation - ERROR - Timeout waiting for 'stopped' (Cmd: 69999)
2026-04-10 13:43:19,565 - Plastic generation - ERROR - Timeout waiting for 'started' (Cmd: 59999)
2026-04-10 13:43:19,585 - Plastic generation - INFO - stop winding
2026-04-10 13:43:24,640 - Plastic generation - ERROR - Timeout waiting for 'stopped' (Cmd: 69999)
2026-04-10 13:43:37,998 - Plastic generation - INFO - Resetting meters and state
2026-04-10 13:43:40,345 - Plastic generation - ERROR - Timeout waiting for 'started' (Cmd: 59999)
2026-04-10 13:43:40,369 - Plastic generation - INFO - stop winding
2026-04-10 13:43:45,429 - Plastic generation - ERROR - Timeout waiting for 'stopped' (Cmd: 69999)
2026-04-10 13:47:25,523 - Plastic generation - INFO - Resetting meters and state
2026-04-10 13:47:27,871 - Plastic generation - ERROR - Timeout waiting for 'started' (Cmd: 59999)
2026-04-10 13:47:27,893 - Plastic generation - INFO - stop winding
2026-04-10 13:47:32,957 - Plastic generation - ERROR - Timeout waiting for 'stopped' (Cmd: 69999)
2026-04-10 16:28:32,067 - Plastic generation - WARNING - RPi.GPIO не знайдено! Використовуємо заглушку для запуску на ПК.
2026-04-10 16:28:32,092 - Plastic generation - INFO - CODENAME: None
2026-04-10 16:28:32,336 - Plastic generation - INFO - run button pressed (held)
2026-04-10 16:28:39,364 - Plastic generation - ERROR - Не вдалося знайти фізичну плату 'drivers'. Вмикаємо емуляцію (Mock).
2026-04-10 16:28:39,365 - Plastic generation - WARNING - Використовується віртуальна заглушка (MockSerial) для: drivers
2026-04-10 16:28:46,567 - Plastic generation - ERROR - Не вдалося знайти фізичну плату 'encoders'. Вмикаємо емуляцію (Mock).
2026-04-10 16:28:46,567 - Plastic generation - WARNING - Використовується віртуальна заглушка (MockSerial) для: encoders
2026-04-10 16:28:46,568 - Plastic generation - INFO - Запуск сервера на порту 8000...
2026-04-14 10:05:10,474 - Plastic generation - WARNING - RPi.GPIO не знайдено! Використовуємо заглушку для запуску на ПК.
2026-04-14 10:05:10,489 - Plastic generation - INFO - CODENAME: None
2026-04-14 10:05:10,551 - Plastic generation - ERROR - Не вдалося знайти фізичну плату 'drivers'. Вмикаємо емуляцію (Mock).
2026-04-14 10:05:10,551 - Plastic generation - WARNING - Використовується віртуальна заглушка (MockSerial) для: drivers
2026-04-14 10:05:10,553 - Plastic generation - ERROR - Не вдалося знайти фізичну плату 'encoders'. Вмикаємо емуляцію (Mock).
2026-04-14 10:05:10,553 - Plastic generation - WARNING - Використовується віртуальна заглушка (MockSerial) для: encoders
2026-04-14 10:05:10,555 - Plastic generation - INFO - Запуск сервера на порту 8000...
2026-04-14 10:05:10,732 - Plastic generation - INFO - run button pressed (held)
2026-04-14 10:05:10,732 - Plastic generation - INFO - Resetting meters and state
2026-04-14 10:05:13,069 - Plastic generation - ERROR - Timeout waiting for 'started' (Cmd: 59999)
2026-04-14 10:05:13,086 - Plastic generation - INFO - stop winding
2026-04-14 10:05:18,141 - Plastic generation - ERROR - Timeout waiting for 'stopped' (Cmd: 69999)
